Arguments: 
  C:\Program Files\nodejs\node.exe C:\Program Files\nodejs\node_modules\yarn\bin\yarn.js init --y

PATH: 
  C:\Python311\Scripts\;C:\Python311\;C:\Python27\;C:\Python27\Scripts;C:\Program Files\Common Files\Oracle\Java\javapath;C:\Program Files\Eclipse Foundation\jdk-11.0.12.7-hotspot\bin;C:\Program Files (x86)\Common Files\Oracle\Java\javapath;C:\WINDOWS\system32;C:\WINDOWS;C:\WINDOWS\System32\Wbem;C:\WINDOWS\System32\WindowsPowerShell\v1.0\;C:\WINDOWS\System32\OpenSSH\;C:\Program Files\Git\cmd;C:\ProgramData\chocolatey\bin;C:\Program Files\OpenJDK\openjdk-8u302-b08\bin;C:\Users\luis_\AppData\Local\Android\Sdk\cmdline-tools\latest\bin;C:\Program Files\Git\mingw64\bin\;G:\Programs\Azure Data Studio\bin;G:\postgresql\lib;G:\postgresql\bin;C:\Program Files\Microsoft SQL Server\Client SDK\ODBC\170\Tools\Binn\;C:\Program Files (x86)\Microsoft SQL Server\150\Tools\Binn\;C:\Program Files\Microsoft SQL Server\150\Tools\Binn\;C:\Program Files\Microsoft SQL Server\150\DTS\Binn\;C:\Program Files\NVIDIA Corporation\NVIDIA NvDLISR;C:\Program Files (x86)\NVIDIA Corporation\PhysX\Common;C:\Program Files\dotnet\;D:\Yarn\bin\;D:\nvm;C:\Program Files\nodejs;C:\WINDOWS\system32;C:\WINDOWS;C:\WINDOWS\System32\Wbem;C:\WINDOWS\System32\WindowsPowerShell\v1.0\;C:\WINDOWS\System32\OpenSSH\;C:\Program Files\jc\;D:\apache-maven-3.9.1\bin;C:\Program Files\Java\jdk1.8.0_301\bin;G:\upjar;C:\Program Files\PowerShell\7\;E:\LLVM\bin;D:\tesseract;G:\Android\SDKS\platform-tools;G:\Android\SDKS\tools;G:\Android\SDKS\platform-tools;G:\Android\SDKS\tools;G:\Android\SDKS\platform-tools;G:\Android\SDKS\tools;C:\Users\luis_\.cargo\bin;C:\Users\luis_\AppData\Local\Android\Sdk\tools;C:\Users\luis_\AppData\Local\Microsoft\WindowsApps;C:\Users\luis_\AppData\Local\Programs\Microsoft VS Code\bin;C:\PSTools;C:\Program Files\Azure Data Studio\bin;C:\Users\luis_\AppData\Local\Android\Sdk\platform-tools;C:\Users\luis_\AppData\Local\Android\Sdk\emulator;C:\Users\luis_\AppData\Local\Android\Sdk\cmdline-tools\latest\bin;G:\Programs\Azure Data Studio\bin;C:\Program Files\heroku\bin;C:\Users\luis_\AppData\Local\Programs\Hyper\resources\bin;C:\Users\luis_\AppData\Local\Yarn\bin;D:\nvm;C:\Program Files\nodejs;D:\IntelliJ IDEA Community Edition 2023.1\bin;;G:\upjar;G:\repositorios\vcpkg;D:\tesseract\tesseract.exe;

Yarn version: 
  1.22.19

Node version: 
  16.19.0

Platform: 
  win32 x64

Trace: 
  Error: canceled
      at Interface.<anonymous> (D:\nvm\v16.19.0\node_modules\yarn\lib\cli.js:137150:13)
      at Interface.emit (node:events:513:28)
      at Interface._ttyWrite (node:readline:1085:16)
      at ReadStream.onkeypress (node:readline:291:10)
      at ReadStream.emit (node:events:513:28)
      at emitKeys (node:internal/readline/utils:357:14)
      at emitKeys.next (<anonymous>)
      at ReadStream.onData (node:internal/readline/emitKeypressEvents:61:36)
      at ReadStream.emit (node:events:513:28)
      at addChunk (node:internal/streams/readable:315:12)

npm manifest: 
  No manifest

yarn manifest: 
  No manifest

Lockfile: 
  No lockfile
